<?xml version="1.0" encoding="UTF-8"?>
<!-- Generated by org.testng.reporters.JUnitReportReporter -->
<testsuite skipped="0" hostname="Lenovo-PC" name="com.framework.commonfunctions.CommonOperations" tests="1" failures="0" timestamp="06 Jun 2018 12:00:32 GMT" time="0.055" errors="1">
  <testcase name="openBrowser" time="0.055" classname="com.framework.commonfunctions.CommonOperations">
    <error type="java.io.FileNotFoundException" message="D:\Testing\TestingFrameWork\TestingFrameWork\src\test\java\com\framework\propertyfile\Config.properties (The system cannot find the path specified)">
      <![CDATA[java.io.FileNotFoundException: D:\Testing\TestingFrameWork\TestingFrameWork\src\test\java\com\framework\propertyfile\Config.properties (The system cannot find the path specified)at java.io.FileInputStream.open(Native Method)at java.io.FileInputStream.<init>(Unknown Source)at java.io.FileInputStream.<init>(Unknown Source)at com.framework.utilities.PropertyFileUtil.getConfigValue(PropertyFileUtil.java:19)at com.framework.commonfunctions.CommonOperations.openBrowser(CommonOperations.java:32)at sun.reflect.NativeMethodAccessorImpl.invoke0(Native Method)at sun.reflect.NativeMethodAccessorImpl.invoke(Unknown Source)at sun.reflect.DelegatingMethodAccessorImpl.invoke(Unknown Source)at java.lang.reflect.Method.invoke(Unknown Source)at org.testng.internal.MethodInvocationHelper.invokeMethod(MethodInvocationHelper.java:124)at org.testng.internal.MethodInvocationHelper.invokeMethodConsideringTimeout(MethodInvocationHelper.java:59)at org.testng.internal.Invoker.invokeConfigurationMethod(Invoker.java:451)at org.testng.internal.Invoker.invokeConfigurations(Invoker.java:222)at org.testng.internal.Invoker.invokeConfigurations(Invoker.java:142)at org.testng.SuiteRunner.privateRun(SuiteRunner.java:401)at org.testng.SuiteRunner.run(SuiteRunner.java:364)at org.testng.SuiteRunnerWorker.runSuite(SuiteRunnerWorker.java:52)at org.testng.SuiteRunnerWorker.run(SuiteRunnerWorker.java:84)at org.testng.TestNG.runSuitesSequentially(TestNG.java:1187)at org.testng.TestNG.runSuitesLocally(TestNG.java:1116)at org.testng.TestNG.runSuites(TestNG.java:1028)at org.testng.TestNG.run(TestNG.java:996)at org.testng.remote.AbstractRemoteTestNG.run(AbstractRemoteTestNG.java:114)at org.testng.remote.RemoteTestNG.initAndRun(RemoteTestNG.java:251)at org.testng.remote.RemoteTestNG.main(RemoteTestNG.java:77)]]>
    </error>
  </testcase> <!-- openBrowser -->
</testsuite> <!-- com.framework.commonfunctions.CommonOperations -->
